{
 "cells": [
  {
   "cell_type": "code",
   "execution_count": 2,
   "metadata": {},
   "outputs": [],
   "source": [
    "import psycopg\n",
    "import json\n",
    "import pickle\n",
    "import pandas as pd\n",
    "import numpy as np\n",
    "from tabulate import tabulate"
   ]
  },
  {
   "cell_type": "code",
   "execution_count": 3,
   "metadata": {},
   "outputs": [
    {
     "name": "stdout",
     "output_type": "stream",
     "text": [
      "Businesses table created successfully!\n"
     ]
    }
   ],
   "source": [
    "conn = psycopg.connect(\n",
    "    host=\"localhost\",\n",
    "    dbname=\"yelp_dataset\",      \n",
    "    user=\"anoutsala\",         \n",
    "    password=\"\"  \n",
    ")\n",
    "\n",
    "cur = conn.cursor()\n",
    "\n",
    "cur.execute(\"\"\"\n",
    "    CREATE TABLE IF NOT EXISTS businesses (\n",
    "        business_id VARCHAR(22) PRIMARY KEY,\n",
    "        name TEXT,\n",
    "        address TEXT,\n",
    "        city TEXT,\n",
    "        state TEXT,\n",
    "        postal_code TEXT,\n",
    "        latitude FLOAT,\n",
    "        longitude FLOAT,\n",
    "        stars FLOAT,\n",
    "        review_count INT\n",
    "    );\n",
    "\"\"\")\n",
    "\n",
    "file_path = \"yelp_dataset/yelp_academic_dataset_business.json\"\n",
    "\n",
    "with open(file_path, \"r\") as f:\n",
    "    data = [json.loads(line) for line in f]\n",
    "\n",
    "insert_query = \"\"\"\n",
    "    INSERT INTO businesses (\n",
    "        business_id, name, address, city, state, postal_code, latitude, longitude, stars, review_count\n",
    "    ) VALUES (%s, %s, %s, %s, %s, %s, %s, %s, %s, %s)\n",
    "    ON CONFLICT (business_id) DO NOTHING;\n",
    "\"\"\"\n",
    "\n",
    "for business in data:\n",
    "    cur.execute(\n",
    "        insert_query,\n",
    "        (\n",
    "            business[\"business_id\"],\n",
    "            business.get(\"name\"),\n",
    "            business.get(\"address\"),\n",
    "            business.get(\"city\"),\n",
    "            business.get(\"state\"),\n",
    "            business.get(\"postal_code\"),\n",
    "            business.get(\"latitude\"),\n",
    "            business.get(\"longitude\"),\n",
    "            business.get(\"stars\"),\n",
    "            business.get(\"review_count\")\n",
    "        )\n",
    "    )\n",
    "\n",
    "conn.commit()\n",
    "cur.close()\n",
    "conn.close()\n",
    "\n",
    "print(\"Businesses table created successfully!\")"
   ]
  },
  {
   "cell_type": "code",
   "execution_count": 4,
   "metadata": {},
   "outputs": [],
   "source": [
    "conn = psycopg.connect(\n",
    "    host=\"localhost\",\n",
    "    dbname=\"yelp_dataset\",\n",
    "    user=\"anoutsala\",\n",
    "    password=\"\"\n",
    ")\n",
    "\n",
    "cur = conn.cursor()\n",
    "\n",
    "cur.execute(\"\"\"\n",
    "    CREATE TABLE IF NOT EXISTS users (\n",
    "        user_id VARCHAR(22) PRIMARY KEY,            \n",
    "        name TEXT,                           \n",
    "        review_count INT,                    \n",
    "        yelping_since DATE,                  \n",
    "        useful INT,                          \n",
    "        funny INT,                           \n",
    "        cool INT,                            \n",
    "        fans INT,                            \n",
    "        average_stars FLOAT,                 \n",
    "        compliment_hot INT,                 \n",
    "        compliment_more INT,                 \n",
    "        compliment_profile INT,              \n",
    "        compliment_cute INT,                 \n",
    "        compliment_list INT,                 \n",
    "        compliment_note INT,                 \n",
    "        compliment_plain INT,                \n",
    "        compliment_cool INT,                 \n",
    "        compliment_funny INT,                \n",
    "        compliment_writer INT,               \n",
    "        compliment_photos INT                \n",
    "    );\n",
    "\"\"\")\n",
    "\n",
    "conn.commit()\n",
    "cur.close()\n",
    "conn.close()"
   ]
  },
  {
   "cell_type": "code",
   "execution_count": 4,
   "metadata": {},
   "outputs": [
    {
     "name": "stdout",
     "output_type": "stream",
     "text": [
      "Connected to PostgreSQL!\n"
     ]
    }
   ],
   "source": [
    "conn = psycopg.connect(\n",
    "    host=\"localhost\",\n",
    "    dbname=\"yelp_dataset\",      \n",
    "    user=\"anoutsala\",         \n",
    "    password=\"\"  \n",
    ")\n",
    "\n",
    "cur = conn.cursor()\n",
    "\n",
    "file_path_users = \"yelp_dataset/yelp_academic_dataset_user.json\"\n",
    "\n",
    "with open(file_path_users, \"r\") as f:\n",
    "    users_data = [json.loads(line) for line in f]\n",
    "\n",
    "insert_users_query = \"\"\"\n",
    "    INSERT INTO users (\n",
    "        user_id, name, review_count, yelping_since, useful, funny, cool, fans,\n",
    "        average_stars, compliment_hot, compliment_more, compliment_profile,\n",
    "        compliment_cute, compliment_list, compliment_note, compliment_plain,\n",
    "        compliment_cool, compliment_funny, compliment_writer, compliment_photos\n",
    "    ) VALUES (%s, %s, %s, %s, %s, %s, %s, %s, %s, %s, %s, %s, %s, %s, %s, %s, %s, %s, %s, %s)\n",
    "    ON CONFLICT (user_id) DO NOTHING;\n",
    "\"\"\"\n",
    "\n",
    "for user in users_data:\n",
    "    cur.execute(\n",
    "        insert_users_query,\n",
    "        (\n",
    "            user[\"user_id\"],\n",
    "            user.get(\"name\"),\n",
    "            user.get(\"review_count\"),\n",
    "            user.get(\"yelping_since\"),\n",
    "            user.get(\"useful\"),\n",
    "            user.get(\"funny\"),\n",
    "            user.get(\"cool\"),\n",
    "            user.get(\"fans\"),\n",
    "            user.get(\"average_stars\"),\n",
    "            user.get(\"compliment_hot\"),\n",
    "            user.get(\"compliment_more\"),\n",
    "            user.get(\"compliment_profile\"),\n",
    "            user.get(\"compliment_cute\"),\n",
    "            user.get(\"compliment_list\"),\n",
    "            user.get(\"compliment_note\"),\n",
    "            user.get(\"compliment_plain\"),\n",
    "            user.get(\"compliment_cool\"),\n",
    "            user.get(\"compliment_funny\"),\n",
    "            user.get(\"compliment_writer\"),\n",
    "            user.get(\"compliment_photos\")\n",
    "        )\n",
    "    )\n",
    "\n",
    "conn.commit()\n",
    "cur.close()\n",
    "conn.close()\n",
    "\n",
    "print(\"Users table created successfully!\")"
   ]
  },
  {
   "cell_type": "code",
   "execution_count": 36,
   "metadata": {},
   "outputs": [
    {
     "name": "stdout",
     "output_type": "stream",
     "text": [
      "Connected to PostgreSQL!\n"
     ]
    }
   ],
   "source": [
    "conn = psycopg.connect(\n",
    "    host=\"localhost\",\n",
    "    dbname=\"yelp_dataset\",\n",
    "    user=\"anoutsala\",\n",
    "    password=\"\"\n",
    ")\n",
    "\n",
    "cur = conn.cursor()\n",
    "\n",
    "cur.execute(\"\"\"\n",
    "    CREATE TABLE IF NOT EXISTS reviews (\n",
    "        review_id VARCHAR(22) PRIMARY KEY,\n",
    "        user_id VARCHAR(22),\n",
    "        business_id VARCHAR(22),\n",
    "        stars INT,\n",
    "        date DATE,\n",
    "        text TEXT,\n",
    "        useful INT,\n",
    "        funny INT,\n",
    "        cool INT,\n",
    "        CONSTRAINT fk_user FOREIGN KEY (user_id) REFERENCES users(user_id),\n",
    "        CONSTRAINT fk_business FOREIGN KEY (business_id) REFERENCES businesses(business_id)\n",
    "    );\n",
    "\"\"\")\n",
    "\n",
    "cur.execute(\"SELECT user_id FROM users;\")\n",
    "valid_user_ids = {row[0] for row in cur.fetchall()} \n",
    "\n",
    "file_path_reviews = \"yelp_dataset/yelp_academic_dataset_review.json\"\n",
    "\n",
    "with open(file_path_reviews, \"r\") as f:\n",
    "    reviews_data = [json.loads(line) for line in f]\n",
    "\n",
    "filtered_reviews = [review for review in reviews_data if review[\"user_id\"] in valid_user_ids]\n",
    "\n",
    "insert_reviews_query = \"\"\"\n",
    "    INSERT INTO reviews (\n",
    "        review_id, user_id, business_id, stars, date, text, useful, funny, cool\n",
    "    ) VALUES (%s, %s, %s, %s, %s, %s, %s, %s, %s)\n",
    "    ON CONFLICT (review_id) DO NOTHING;\n",
    "\"\"\"\n",
    "\n",
    "for review in filtered_reviews:\n",
    "    cur.execute(\n",
    "        insert_reviews_query,\n",
    "        (\n",
    "            review[\"review_id\"],\n",
    "            review[\"user_id\"],\n",
    "            review[\"business_id\"],\n",
    "            review.get(\"stars\"), \n",
    "            review.get(\"date\"),\n",
    "            review.get(\"text\"),\n",
    "            review.get(\"useful\"),\n",
    "            review.get(\"funny\"),\n",
    "            review.get(\"cool\")\n",
    "        )\n",
    "    )\n",
    "\n",
    "conn.commit()\n",
    "cur.close()\n",
    "conn.close()\n",
    "\n",
    "print(\"Reviews table created successfully!\")"
   ]
  },
  {
   "cell_type": "code",
   "execution_count": 12,
   "metadata": {},
   "outputs": [
    {
     "name": "stdout",
     "output_type": "stream",
     "text": [
      "Connected to PostgreSQL!\n",
      "Inserted 32 user_id values into the not_in_users table.\n"
     ]
    }
   ],
   "source": [
    "conn = psycopg.connect(\n",
    "    host=\"localhost\",\n",
    "    dbname=\"yelp_dataset\",\n",
    "    user=\"anoutsala\",\n",
    "    password=\"\"\n",
    ")\n",
    "\n",
    "cur = conn.cursor()\n",
    "\n",
    "# valid users ID\n",
    "cur.execute(\"SELECT user_id FROM users;\")\n",
    "valid_user_ids = {row[0] for row in cur.fetchall()}\n",
    "\n",
    "file_path_reviews = \"yelp_dataset/yelp_academic_dataset_review.json\"\n",
    "\n",
    "with open(file_path_reviews, \"r\") as f:\n",
    "    reviews_data = [json.loads(line) for line in f]\n",
    "\n",
    "# find the user_id values not in the users table\n",
    "invalid_user_ids = {review[\"user_id\"] for review in reviews_data if review[\"user_id\"] not in valid_user_ids}\n",
    "\n",
    "cur.execute(\"\"\"\n",
    "    CREATE TABLE IF NOT EXISTS not_in_users (\n",
    "        user_id VARCHAR(22) PRIMARY KEY\n",
    "    );\n",
    "\"\"\")\n",
    "\n",
    "insert_query = \"INSERT INTO not_in_users (user_id) VALUES (%s) ON CONFLICT (user_id) DO NOTHING;\"\n",
    "for user_id in invalid_user_ids:\n",
    "    cur.execute(insert_query, (user_id,))\n",
    "\n",
    "conn.commit()\n",
    "print(f\"Inserted {len(invalid_user_ids)} user_id values into the not_in_users table.\")\n",
    "cur.close()\n",
    "conn.close()\n",
    "\n"
   ]
  },
  {
   "cell_type": "code",
   "execution_count": 2,
   "metadata": {},
   "outputs": [
    {
     "name": "stdout",
     "output_type": "stream",
     "text": [
      "Connected to PostgreSQL!\n",
      "(32,)\n"
     ]
    }
   ],
   "source": [
    "conn = psycopg.connect(\n",
    "    host=\"localhost\",\n",
    "    dbname=\"yelp_dataset\",\n",
    "    user=\"anoutsala\",\n",
    "    password=\"\"\n",
    ")\n",
    "\n",
    "cur = conn.cursor()\n",
    "\n",
    "cur.execute(\"SELECT count(*) FROM not_in_users;\")\n",
    "\n",
    "results = cur.fetchall()\n",
    "for row in results:\n",
    "    print(row)\n",
    "\n",
    "cur.close()\n",
    "conn.close()\n"
   ]
  },
  {
   "cell_type": "code",
   "execution_count": 3,
   "metadata": {},
   "outputs": [
    {
     "name": "stdout",
     "output_type": "stream",
     "text": [
      "Connected to PostgreSQL!\n",
      "(32,)\n"
     ]
    }
   ],
   "source": [
    "conn = psycopg.connect(\n",
    "    host=\"localhost\",\n",
    "    dbname=\"yelp_dataset\",\n",
    "    user=\"anoutsala\",\n",
    "    password=\"\"\n",
    ")\n",
    "\n",
    "cur = conn.cursor()\n",
    "print(\"Connected to PostgreSQL!\")\n",
    "\n",
    "cur.execute(\"SELECT COUNT(DISTINCT user_id) FROM not_in_users;\")\n",
    "\n",
    "results = cur.fetchall()\n",
    "for row in results:\n",
    "    print(row)\n",
    "\n",
    "cur.close()\n",
    "conn.close()"
   ]
  },
  {
   "cell_type": "code",
   "execution_count": 13,
   "metadata": {},
   "outputs": [
    {
     "name": "stdout",
     "output_type": "stream",
     "text": [
      "Connected to PostgreSQL!\n",
      "Unfiltered review data inserted into 'unfiltered_reviews'.\n"
     ]
    }
   ],
   "source": [
    "conn = psycopg.connect(\n",
    "    host=\"localhost\",\n",
    "    dbname=\"yelp_dataset\",\n",
    "    user=\"anoutsala\",\n",
    "    password=\"\"\n",
    ")\n",
    "\n",
    "cur = conn.cursor()\n",
    "print(\"Connected to PostgreSQL!\")\n",
    "\n",
    "cur.execute(\"\"\"\n",
    "    CREATE TABLE IF NOT EXISTS unfiltered_reviews (\n",
    "        review_id VARCHAR(22) PRIMARY KEY,\n",
    "        user_id VARCHAR(22),\n",
    "        business_id VARCHAR(22),\n",
    "        stars INT,\n",
    "        date DATE,\n",
    "        text TEXT,\n",
    "        useful INT,\n",
    "        funny INT,\n",
    "        cool INT\n",
    "    );\n",
    "\"\"\")\n",
    "\n",
    "file_path_reviews = \"yelp_dataset/yelp_academic_dataset_review.json\"\n",
    "\n",
    "with open(file_path_reviews, \"r\") as f:\n",
    "    reviews_data = [json.loads(line) for line in f]\n",
    "\n",
    "insert_reviews_query = \"\"\"\n",
    "    INSERT INTO unfiltered_reviews (\n",
    "        review_id, user_id, business_id, stars, date, text, useful, funny, cool\n",
    "    ) VALUES (%s, %s, %s, %s, %s, %s, %s, %s, %s)\n",
    "    ON CONFLICT (review_id) DO NOTHING;\n",
    "\"\"\"\n",
    "\n",
    "for review in reviews_data:\n",
    "    cur.execute(\n",
    "        insert_reviews_query,\n",
    "        (\n",
    "            review[\"review_id\"],\n",
    "            review[\"user_id\"],\n",
    "            review[\"business_id\"],\n",
    "            review.get(\"stars\"),\n",
    "            review.get(\"date\"),\n",
    "            review.get(\"text\"),\n",
    "            review.get(\"useful\"),\n",
    "            review.get(\"funny\"),\n",
    "            review.get(\"cool\")\n",
    "        )\n",
    "    )\n",
    "\n",
    "conn.commit()\n",
    "cur.close()\n",
    "conn.close()\n",
    "print(\"Created unfiltered_reviews table.\")"
   ]
  },
  {
   "cell_type": "code",
   "execution_count": 14,
   "metadata": {},
   "outputs": [
    {
     "name": "stdout",
     "output_type": "stream",
     "text": [
      "There are 3 user_id values from 'not_in_users' who made reviews on 'businesses_in_tampa'.\n"
     ]
    }
   ],
   "source": [
    "conn = psycopg.connect(\n",
    "    host=\"localhost\",\n",
    "    dbname=\"yelp_dataset\",\n",
    "    user=\"anoutsala\",\n",
    "    password=\"\"\n",
    ")\n",
    "\n",
    "cur = conn.cursor()\n",
    "\n",
    "cur.execute(\"\"\"\n",
    "    SELECT COUNT(*)\n",
    "    FROM not_in_users u\n",
    "    JOIN unfiltered_reviews r ON u.user_id = r.user_id\n",
    "    JOIN businesses_in_tampa b ON r.business_id = b.business_id;\n",
    "\"\"\")\n",
    "\n",
    "count = cur.fetchone()[0]\n",
    "if count > 0:\n",
    "    print(f\"There are {count} user_id values from 'not_in_users' who made reviews on 'businesses_in_tampa'.\")\n",
    "else:\n",
    "    print(\"No user_id from 'not_in_users' made a review on 'businesses_in_tampa'.\")\n",
    "\n",
    "cur.close()\n",
    "conn.close()\n"
   ]
  },
  {
   "cell_type": "code",
   "execution_count": 2,
   "metadata": {},
   "outputs": [
    {
     "name": "stdout",
     "output_type": "stream",
     "text": [
      "+------------------------+------------------------+-----------------------------------+\n",
      "| review_id              | user_id                | name                              |\n",
      "|------------------------+------------------------+-----------------------------------|\n",
      "| ebQaTudrnT1wE8SZkzzYGQ | 5XiPz5mJK_RtJQVkXIqxYg | Eat Right                         |\n",
      "| G8n21nKcVNR-noZJqz3sEw | vq2H7lJ73VwXMDqC8DiImw | Florida Building Inspection Group |\n",
      "| wIW-gvYpTWsLMRix-8oPBQ | NCeW1I6C4K7qhY4kRH8cOA | 717 Parking Enterprises           |\n",
      "+------------------------+------------------------+-----------------------------------+\n"
     ]
    }
   ],
   "source": [
    "conn = psycopg.connect(\n",
    "    host=\"localhost\",\n",
    "    dbname=\"yelp_dataset\",\n",
    "    user=\"anoutsala\",\n",
    "    password=\"\"\n",
    ")\n",
    "\n",
    "cur = conn.cursor()\n",
    "\n",
    "cur.execute(\"\"\"\n",
    "    SELECT r.review_id, r.user_id, b.name\n",
    "    FROM not_in_users u\n",
    "    JOIN unfiltered_reviews r ON u.user_id = r.user_id\n",
    "    JOIN businesses_in_tampa b ON r.business_id = b.business_id;\n",
    "\"\"\")\n",
    "\n",
    "invalid_users_in_tp_reviews = cur.fetchall()\n",
    "\n",
    "columns = [desc[0] for desc in cur.description]\n",
    "\n",
    "print(tabulate(invalid_users_in_tp_reviews, headers=columns, tablefmt=\"psql\"))\n",
    "\n",
    "cur.close()\n",
    "conn.close()\n"
   ]
  },
  {
   "cell_type": "code",
   "execution_count": 5,
   "metadata": {},
   "outputs": [],
   "source": [
    "conn = psycopg.connect(\n",
    "    host=\"localhost\",\n",
    "    dbname=\"yelp_dataset\",\n",
    "    user=\"anoutsala\",\n",
    "    password=\"\"\n",
    ")\n",
    "\n",
    "cur = conn.cursor()\n",
    "\n",
    "cur.execute(\"\"\"\n",
    "    CREATE OR REPLACE VIEW businesses_in_fl AS\n",
    "    SELECT *\n",
    "    FROM businesses\n",
    "    WHERE state = 'FL';\"\"\")\n",
    "\n",
    "cur.execute(\"\"\"\n",
    "    CREATE OR REPLACE VIEW businesses_in_tampa AS\n",
    "    SELECT *\n",
    "    FROM businesses_in_fl\n",
    "    WHERE city = 'Tampa'\n",
    "    OR city = 'Tampa Bay'\n",
    "    OR city = 'tampa'\n",
    "    OR city = 'TAMPA';\"\"\")\n",
    "\n",
    "cur.execute(\"\"\"\n",
    "    CREATE OR REPLACE VIEW tampa_business_reviews AS\n",
    "    SELECT r.*\n",
    "    FROM businesses_in_tampa b JOIN reviews r\n",
    "    ON b.business_id = r.business_id;\"\"\")\n",
    "\n",
    "\n",
    "cur.execute(\"\"\"\n",
    "    CREATE OR REPLACE VIEW tampa_reviews AS\n",
    "    SELECT r.*\n",
    "    FROM reviews r \n",
    "    JOIN (\n",
    "        SELECT DISTINCT business_id\n",
    "        FROM businesses_in_tampa) AS b\n",
    "    ON b.business_id = r.business_id;\"\"\")\n",
    "\n",
    "cur.close()\n",
    "conn.commit()\n",
    "conn.close()"
   ]
  },
  {
   "cell_type": "code",
   "execution_count": 6,
   "metadata": {},
   "outputs": [
    {
     "name": "stdout",
     "output_type": "stream",
     "text": [
      "+------------------+---------+\n",
      "| city             |   count |\n",
      "|------------------+---------|\n",
      "| Tampa            |    9048 |\n",
      "| Clearwater       |    2221 |\n",
      "| Saint Petersburg |    1663 |\n",
      "| St. Petersburg   |    1185 |\n",
      "| Brandon          |    1033 |\n",
      "| Largo            |    1002 |\n",
      "| Palm Harbor      |     665 |\n",
      "| New Port Richey  |     604 |\n",
      "| Lutz             |     591 |\n",
      "| Riverview        |     588 |\n",
      "| Wesley Chapel    |     560 |\n",
      "| Pinellas Park    |     512 |\n",
      "| Dunedin          |     490 |\n",
      "| Spring Hill      |     400 |\n",
      "| Tarpon Springs   |     398 |\n",
      "| St Petersburg    |     387 |\n",
      "| Seminole         |     359 |\n",
      "| Oldsmar          |     286 |\n",
      "| Valrico          |     276 |\n",
      "| Port Richey      |     270 |\n",
      "+------------------+---------+\n"
     ]
    }
   ],
   "source": [
    "conn = psycopg.connect(\n",
    "    host=\"localhost\",\n",
    "    dbname=\"yelp_dataset\",\n",
    "    user=\"anoutsala\",\n",
    "    password=\"\"\n",
    ")\n",
    "\n",
    "cur = conn.cursor()\n",
    "\n",
    "cur.execute(\"\"\"\n",
    "    SELECT city, count(*)\n",
    "    FROM businesses_in_fl\n",
    "    GROUP BY city\n",
    "    ORDER BY count DESC\n",
    "    LIMIT 20;\n",
    "\"\"\")\n",
    "\n",
    "count_in_fl = cur.fetchall()\n",
    "\n",
    "columns = [desc[0] for desc in cur.description]\n",
    "\n",
    "print(tabulate(count_in_fl, headers=columns, tablefmt=\"psql\"))\n",
    "\n",
    "cur.close()\n",
    "conn.close()"
   ]
  },
  {
   "cell_type": "code",
   "execution_count": 7,
   "metadata": {},
   "outputs": [],
   "source": [
    "conn = psycopg.connect(\n",
    "    host=\"localhost\",\n",
    "    dbname=\"yelp_dataset\",\n",
    "    user=\"anoutsala\",\n",
    "    password=\"\"\n",
    ")\n",
    "\n",
    "cur = conn.cursor()\n",
    "\n",
    "cur.execute(\"\"\"\n",
    "    DROP VIEW IF EXISTS businesses_in_top3;\n",
    "\"\"\")\n",
    "\n",
    "cur.execute(\"\"\"\n",
    "    CREATE VIEW businesses_in_top3 AS\n",
    "    SELECT city, stars\n",
    "    FROM businesses_in_fl\n",
    "    WHERE city IN ('Tampa', 'Clearwater', 'St Petersburg', 'St. Petersburg', 'Saint Petersburg');\n",
    "\"\"\")\n",
    "\n",
    "conn.commit()\n",
    "cur.close()\n",
    "conn.close()"
   ]
  },
  {
   "cell_type": "code",
   "execution_count": 8,
   "metadata": {},
   "outputs": [
    {
     "name": "stdout",
     "output_type": "stream",
     "text": [
      "+------------------+--------------------+\n",
      "| city             |   avg_review_score |\n",
      "|------------------+--------------------|\n",
      "| Saint Petersburg |            3.74297 |\n",
      "| Clearwater       |            3.60131 |\n",
      "| Tampa            |            3.58306 |\n",
      "+------------------+--------------------+\n"
     ]
    }
   ],
   "source": [
    "conn = psycopg.connect(\n",
    "    host=\"localhost\",\n",
    "    dbname=\"yelp_dataset\",\n",
    "    user=\"anoutsala\",\n",
    "    password=\"\"\n",
    ")\n",
    "\n",
    "cur = conn.cursor()\n",
    "\n",
    "cur.execute(\"\"\"\n",
    "    SELECT \n",
    "    city_grouped AS city,\n",
    "    AVG(stars) AS avg_review_score\n",
    "    FROM (\n",
    "        SELECT \n",
    "            CASE\n",
    "                WHEN city IN ('St Petersburg', 'St. Petersburg', 'Saint Petersburg') THEN 'Saint Petersburg'\n",
    "                ELSE city\n",
    "            END AS city_grouped,\n",
    "            stars\n",
    "        FROM businesses_in_top3\n",
    "    ) AS grouped_data\n",
    "    GROUP BY city_grouped\n",
    "    ORDER BY avg_review_score DESC;\n",
    "\"\"\")\n",
    "\n",
    "count_in_fl = cur.fetchall()\n",
    "\n",
    "columns = [desc[0] for desc in cur.description]\n",
    "\n",
    "print(tabulate(count_in_fl, headers=columns, tablefmt=\"psql\"))\n",
    "\n",
    "cur.close()\n",
    "conn.close()"
   ]
  },
  {
   "cell_type": "code",
   "execution_count": 3,
   "metadata": {},
   "outputs": [
    {
     "name": "stdout",
     "output_type": "stream",
     "text": [
      "Sort  (cost=5547.65..5549.59 rows=776 width=40) (actual time=268.209..271.910 rows=3 loops=1)\n",
      "  Sort Key: (avg(businesses.stars)) DESC\n",
      "  Sort Method: quicksort  Memory: 25kB\n",
      "  ->  Finalize GroupAggregate  (cost=5404.67..5510.40 rows=776 width=40) (actual time=268.134..271.839 rows=3 loops=1)\n",
      "        Group Key: (CASE WHEN (businesses.city = ANY ('{\"St Petersburg\",\"St. Petersburg\",\"Saint Petersburg\"}'::text[])) THEN 'Saint Petersburg'::text ELSE businesses.city END)\n",
      "        ->  Gather Merge  (cost=5404.67..5493.91 rows=776 width=64) (actual time=268.120..271.823 rows=6 loops=1)\n",
      "              Workers Planned: 1\n",
      "              Workers Launched: 1\n",
      "              ->  Sort  (cost=4404.66..4406.60 rows=776 width=64) (actual time=250.662..250.664 rows=3 loops=2)\n",
      "                    Sort Key: (CASE WHEN (businesses.city = ANY ('{\"St Petersburg\",\"St. Petersburg\",\"Saint Petersburg\"}'::text[])) THEN 'Saint Petersburg'::text ELSE businesses.city END)\n",
      "                    Sort Method: quicksort  Memory: 25kB\n",
      "                    Worker 0:  Sort Method: quicksort  Memory: 25kB\n",
      "                    ->  Partial HashAggregate  (cost=4356.75..4367.42 rows=776 width=64) (actual time=250.401..250.407 rows=3 loops=2)\n",
      "                          Group Key: CASE WHEN (businesses.city = ANY ('{\"St Petersburg\",\"St. Petersburg\",\"Saint Petersburg\"}'::text[])) THEN 'Saint Petersburg'::text ELSE businesses.city END\n",
      "                          Batches: 1  Memory Usage: 49kB\n",
      "                          Worker 0:  Batches: 1  Memory Usage: 49kB\n",
      "                          ->  Parallel Seq Scan on businesses  (cost=0.00..4349.02 rows=1545 width=40) (actual time=1.184..245.771 rows=7252 loops=2)\n",
      "                                Filter: ((state = 'FL'::text) AND (city = ANY ('{Tampa,Clearwater,\"St Petersburg\",\"St. Petersburg\",\"Saint Petersburg\"}'::text[])))\n",
      "                                Rows Removed by Filter: 67921\n",
      "Planning Time: 19.699 ms\n",
      "Execution Time: 275.992 ms\n"
     ]
    }
   ],
   "source": [
    "conn = psycopg.connect(\n",
    "    host=\"localhost\",\n",
    "    dbname=\"yelp_dataset\",\n",
    "    user=\"anoutsala\",\n",
    "    password=\"\"\n",
    ")\n",
    "\n",
    "cur = conn.cursor()\n",
    "\n",
    "cur.execute(\"\"\"\n",
    "    EXPLAIN ANALYZE\n",
    "    SELECT \n",
    "    city_grouped AS city,\n",
    "    AVG(stars) AS avg_review_score\n",
    "    FROM (\n",
    "        SELECT \n",
    "            CASE\n",
    "                WHEN city IN ('St Petersburg', 'St. Petersburg', 'Saint Petersburg') THEN 'Saint Petersburg'\n",
    "                ELSE city\n",
    "            END AS city_grouped,\n",
    "            stars\n",
    "        FROM businesses_in_top3\n",
    "    ) AS grouped_data\n",
    "    GROUP BY city_grouped\n",
    "    ORDER BY avg_review_score DESC;\n",
    "\"\"\")\n",
    "\n",
    "execution_plan_top3 = cur.fetchall()\n",
    "for line in execution_plan_top3:\n",
    "    print(line[0])\n",
    "\n",
    "cur.close()"
   ]
  },
  {
   "cell_type": "code",
   "execution_count": 9,
   "metadata": {},
   "outputs": [
    {
     "name": "stdout",
     "output_type": "stream",
     "text": [
      "+------------------------+-------------+----------------+-------------+\n",
      "| user_id                | user_name   |   review_count |   avg_stars |\n",
      "|------------------------+-------------+----------------+-------------|\n",
      "| C7fbmhCmXXhtWRZyW6Nzmg | A           |             14 |           1 |\n",
      "| k2lXKvz4iSw0OZSSojCkdw | Bob-A-Lou   |             10 |           1 |\n",
      "| YgeZ-tJ0ZEU_m41pGBng_A | Carlos      |             10 |           1 |\n",
      "| CGp3KducoS3lemPVanz0Xw | Lola        |              9 |           1 |\n",
      "| mvUw8RPzmXkVdCR4Pr_WJg | Mauro       |              9 |           1 |\n",
      "| OL87RR63x07Y0K2xpCG4Aw | Nicole      |              9 |           1 |\n",
      "| fluPpH9ap58Y5xkPPyFQuQ | Rick        |              9 |           1 |\n",
      "| EXL55TgQAo1RRUIpZvKmWQ | Sandy       |              9 |           1 |\n",
      "| mAI_E0rVjyC4FF9PSn37rA | Terry       |              9 |           1 |\n",
      "| zHKbREByeKvgbKPxbKIweA | Vic         |              9 |           1 |\n",
      "+------------------------+-------------+----------------+-------------+\n"
     ]
    }
   ],
   "source": [
    "conn = psycopg.connect(\n",
    "    host=\"localhost\",\n",
    "    dbname=\"yelp_dataset\",\n",
    "    user=\"anoutsala\",\n",
    "    password=\"\"\n",
    ")\n",
    "\n",
    "cur = conn.cursor()\n",
    "\n",
    "cur.execute(\"\"\"\n",
    "    SELECT \n",
    "        r.user_id, \n",
    "        u.name AS user_name, \n",
    "        COUNT(*) AS review_count, \n",
    "        AVG(r.stars) AS avg_stars \n",
    "    FROM tampa_reviews r\n",
    "    JOIN users u\n",
    "    ON r.user_id = u.user_id\n",
    "    GROUP BY r.user_id, u.name\n",
    "    HAVING COUNT(*) > 5\n",
    "    ORDER BY avg_stars ASC, review_count DESC, user_name ASC\n",
    "    LIMIT 10;\n",
    "\"\"\")\n",
    "\n",
    "hater = cur.fetchall()\n",
    "\n",
    "columns = [desc[0] for desc in cur.description]\n",
    "\n",
    "print(tabulate(hater, headers=columns, tablefmt=\"psql\"))\n",
    "\n",
    "cur.close()\n",
    "conn.close()"
   ]
  },
  {
   "cell_type": "code",
   "execution_count": 10,
   "metadata": {},
   "outputs": [
    {
     "name": "stdout",
     "output_type": "stream",
     "text": [
      "Limit  (cost=730180.22..730180.25 rows=10 width=69) (actual time=22906.210..22968.152 rows=10 loops=1)\n",
      "  ->  Sort  (cost=730180.22..730403.89 rows=89466 width=69) (actual time=22906.202..22968.143 rows=10 loops=1)\n",
      "        Sort Key: (avg(r.stars)), (count(*)) DESC, u.name\n",
      "        Sort Method: top-N heapsort  Memory: 26kB\n",
      "        ->  Finalize GroupAggregate  (cost=693651.40..728246.89 rows=89466 width=69) (actual time=22654.609..22963.643 rows=12987 loops=1)\n",
      "              Group Key: r.user_id, u.name\n",
      "              Filter: (count(*) > 5)\n",
      "              Rows Removed by Filter: 153954\n",
      "              ->  Gather Merge  (cost=693651.40..721984.25 rows=223666 width=69) (actual time=22654.422..22840.895 rows=167735 loops=1)\n",
      "                    Workers Planned: 2\n",
      "                    Workers Launched: 2\n",
      "                    ->  Partial GroupAggregate  (cost=692651.38..695167.62 rows=111833 width=69) (actual time=22636.556..22719.974 rows=55912 loops=3)\n",
      "                          Group Key: r.user_id, u.name\n",
      "                          ->  Sort  (cost=692651.38..692930.96 rows=111833 width=33) (actual time=22636.505..22666.571 rows=152819 loops=3)\n",
      "                                Sort Key: r.user_id, u.name\n",
      "                                Sort Method: external merge  Disk: 6720kB\n",
      "                                Worker 0:  Sort Method: external merge  Disk: 6592kB\n",
      "                                Worker 1:  Sort Method: external merge  Disk: 6912kB\n",
      "                                ->  Parallel Hash Join  (cost=76490.10..680214.63 rows=111833 width=33) (actual time=21874.826..22485.234 rows=152819 loops=3)\n",
      "                                      Hash Cond: ((r.user_id)::text = (u.user_id)::text)\n",
      "                                      ->  Hash Join  (cost=17907.68..614145.65 rows=111833 width=27) (actual time=195.211..19404.311 rows=152819 loops=3)\n",
      "                                            Hash Cond: ((r.business_id)::text = (businesses.business_id)::text)\n",
      "                                            ->  Parallel Seq Scan on reviews r  (cost=0.00..588584.43 rows=2915342 width=50) (actual time=14.780..18378.330 rows=2330082 loops=3)\n",
      "                                            ->  Hash  (cost=17887.31..17887.31 rows=1630 width=62) (actual time=179.925..179.926 rows=9207 loops=3)\n",
      "                                                  Buckets: 16384 (originally 2048)  Batches: 1 (originally 1)  Memory Usage: 623kB\n",
      "                                                  ->  Unique  (cost=0.42..17871.01 rows=1630 width=62) (actual time=0.156..177.239 rows=9207 loops=3)\n",
      "                                                        ->  Index Scan using businesses_pkey on businesses  (cost=0.42..17866.93 rows=1630 width=62) (actual time=0.155..174.570 rows=9207 loops=3)\n",
      "                                                              Filter: ((state = 'FL'::text) AND ((city = 'Tampa'::text) OR (city = 'Tampa Bay'::text) OR (city = 'tampa'::text) OR (city = 'TAMPA'::text)))\n",
      "                                                              Rows Removed by Filter: 141139\n",
      "                                      ->  Parallel Hash  (cost=42565.85..42565.85 rows=828285 width=29) (actual time=2150.994..2150.995 rows=662632 loops=3)\n",
      "                                            Buckets: 65536  Batches: 64  Memory Usage: 2528kB\n",
      "                                            ->  Parallel Seq Scan on users u  (cost=0.00..42565.85 rows=828285 width=29) (actual time=1.198..1739.367 rows=662632 loops=3)\n",
      "Planning Time: 1.958 ms\n",
      "Execution Time: 22971.746 ms\n"
     ]
    }
   ],
   "source": [
    "conn = psycopg.connect(\n",
    "    host=\"localhost\",\n",
    "    dbname=\"yelp_dataset\",\n",
    "    user=\"anoutsala\",\n",
    "    password=\"\"\n",
    ")\n",
    "\n",
    "cur = conn.cursor()\n",
    "\n",
    "cur.execute(\"\"\"\n",
    "    EXPLAIN ANALYZE\n",
    "    SELECT \n",
    "        r.user_id, \n",
    "        u.name AS user_name, \n",
    "        COUNT(*) AS review_count, \n",
    "        AVG(r.stars) AS avg_stars \n",
    "    FROM tampa_reviews r\n",
    "    JOIN users u\n",
    "    ON r.user_id = u.user_id\n",
    "    GROUP BY r.user_id, u.name\n",
    "    HAVING COUNT(*) > 5\n",
    "    ORDER BY avg_stars ASC, review_count DESC, user_name ASC\n",
    "    LIMIT 10;\n",
    "\"\"\")\n",
    "\n",
    "execution_plan_hater = cur.fetchall()\n",
    "for line in execution_plan_hater:\n",
    "    print(line[0])\n",
    "\n",
    "cur.close()\n",
    "conn.close()"
   ]
  },
  {
   "cell_type": "code",
   "execution_count": 11,
   "metadata": {},
   "outputs": [
    {
     "name": "stdout",
     "output_type": "stream",
     "text": [
      "+------------------------+--------------------+----------------------------+--------------------------------+\n",
      "| business_id            | business_name      |   single_review_user_count |   avg_stars_for_single_reviews |\n",
      "|------------------------+--------------------+----------------------------+--------------------------------|\n",
      "| QHWYlmVbLC3K6eglWoHVvA | Datz               |                       3148 |                           4.14 |\n",
      "| L5LLN0RafiV1Z9cddzvuCw | Ulele              |                       2962 |                           4.17 |\n",
      "| dsfRniRgfbDjC8os848B6A | Bern's Steak House |                       2831 |                           4.26 |\n",
      "+------------------------+--------------------+----------------------------+--------------------------------+\n"
     ]
    }
   ],
   "source": [
    "conn = psycopg.connect(\n",
    "    host=\"localhost\",\n",
    "    dbname=\"yelp_dataset\",\n",
    "    user=\"anoutsala\",\n",
    "    password=\"\"\n",
    ")\n",
    "\n",
    "cur = conn.cursor()\n",
    "\n",
    "cur.execute(\"\"\"\n",
    "    WITH single_reviews AS (\n",
    "        SELECT r.business_id, r.user_id, COUNT(*) AS review_count, AVG(r.stars) AS avg_stars\n",
    "        FROM tampa_reviews r\n",
    "        GROUP BY r.business_id, r.user_id\n",
    "        HAVING COUNT(*) = 1\n",
    "    ),\n",
    "    business_single_review_counts AS (\n",
    "        SELECT business_id,                                     \n",
    "               COUNT(*) AS single_review_user_count, \n",
    "               ROUND(AVG(avg_stars), 2) AS avg_stars_for_single_reviews\n",
    "        FROM single_reviews\n",
    "        GROUP BY business_id\n",
    "    )                                   \n",
    "    SELECT b.business_id, \n",
    "           tb.name AS business_name, \n",
    "           single_review_user_count, \n",
    "           avg_stars_for_single_reviews                 \n",
    "    FROM business_single_review_counts b\n",
    "    JOIN businesses_in_tampa tb\n",
    "    ON b.business_id = tb.business_id\n",
    "    ORDER BY single_review_user_count DESC \n",
    "    LIMIT 3;\n",
    "\"\"\")\n",
    "\n",
    "single_reviews = cur.fetchall()\n",
    "\n",
    "columns = [desc[0] for desc in cur.description]\n",
    "\n",
    "print(tabulate(single_reviews, headers=columns, tablefmt=\"psql\"))\n",
    "\n",
    "cur.close()\n",
    "conn.close()"
   ]
  },
  {
   "cell_type": "code",
   "execution_count": 12,
   "metadata": {},
   "outputs": [
    {
     "name": "stdout",
     "output_type": "stream",
     "text": [
      "Limit  (cost=664542.92..664542.93 rows=2 width=83) (actual time=19295.118..19310.561 rows=3 loops=1)\n",
      "  ->  Sort  (cost=664542.92..664542.93 rows=2 width=83) (actual time=19295.117..19310.559 rows=3 loops=1)\n",
      "        Sort Key: (count(*)) DESC\n",
      "        Sort Method: top-N heapsort  Memory: 25kB\n",
      "        ->  Nested Loop  (cost=628349.34..664542.91 rows=2 width=83) (actual time=18336.522..19306.118 rows=9207 loops=1)\n",
      "              ->  GroupAggregate  (cost=628348.92..662970.90 rows=200 width=63) (actual time=18336.425..19237.470 rows=9207 loops=1)\n",
      "                    Group Key: r.business_id\n",
      "                    ->  Finalize GroupAggregate  (cost=628348.92..662944.42 rows=1342 width=86) (actual time=18336.353..19147.470 rows=429298 loops=1)\n",
      "                          Group Key: r.business_id, r.user_id\n",
      "                          Filter: (count(*) = 1)\n",
      "                          Rows Removed by Filter: 13667\n",
      "                          ->  Gather Merge  (cost=628348.92..656681.77 rows=223666 width=86) (actual time=18336.308..18755.805 rows=452684 loops=1)\n",
      "                                Workers Planned: 2\n",
      "                                Workers Launched: 2\n",
      "                                ->  Partial GroupAggregate  (cost=627348.90..629865.14 rows=111833 width=86) (actual time=18312.960..18518.218 rows=150895 loops=3)\n",
      "                                      Group Key: r.business_id, r.user_id\n",
      "                                      ->  Sort  (cost=627348.90..627628.48 rows=111833 width=50) (actual time=18312.918..18425.695 rows=152819 loops=3)\n",
      "                                            Sort Key: r.business_id, r.user_id\n",
      "                                            Sort Method: external merge  Disk: 9384kB\n",
      "                                            Worker 0:  Sort Method: external merge  Disk: 9320kB\n",
      "                                            Worker 1:  Sort Method: external merge  Disk: 9208kB\n",
      "                                            ->  Hash Join  (cost=17907.68..614145.65 rows=111833 width=50) (actual time=161.371..17764.947 rows=152819 loops=3)\n",
      "                                                  Hash Cond: ((r.business_id)::text = (businesses_1.business_id)::text)\n",
      "                                                  ->  Parallel Seq Scan on reviews r  (cost=0.00..588584.43 rows=2915342 width=50) (actual time=1.082..16742.828 rows=2330082 loops=3)\n",
      "                                                  ->  Hash  (cost=17887.31..17887.31 rows=1630 width=62) (actual time=159.793..159.798 rows=9207 loops=3)\n",
      "                                                        Buckets: 16384 (originally 2048)  Batches: 1 (originally 1)  Memory Usage: 623kB\n",
      "                                                        ->  Unique  (cost=0.42..17871.01 rows=1630 width=62) (actual time=0.204..145.041 rows=9207 loops=3)\n",
      "                                                              ->  Index Scan using businesses_pkey on businesses businesses_1  (cost=0.42..17866.93 rows=1630 width=62) (actual time=0.202..142.259 rows=9207 loops=3)\n",
      "                                                                    Filter: ((state = 'FL'::text) AND ((city = 'Tampa'::text) OR (city = 'Tampa Bay'::text) OR (city = 'tampa'::text) OR (city = 'TAMPA'::text)))\n",
      "                                                                    Rows Removed by Filter: 141139\n",
      "              ->  Index Scan using businesses_pkey on businesses  (cost=0.42..7.85 rows=1 width=82) (actual time=0.006..0.006 rows=1 loops=9207)\n",
      "                    Index Cond: ((business_id)::text = (r.business_id)::text)\n",
      "                    Filter: ((state = 'FL'::text) AND ((city = 'Tampa'::text) OR (city = 'Tampa Bay'::text) OR (city = 'tampa'::text) OR (city = 'TAMPA'::text)))\n",
      "Planning Time: 12.724 ms\n",
      "Execution Time: 19313.283 ms\n"
     ]
    }
   ],
   "source": [
    "conn = psycopg.connect(\n",
    "    host=\"localhost\",\n",
    "    dbname=\"yelp_dataset\",\n",
    "    user=\"anoutsala\",\n",
    "    password=\"\"\n",
    ")\n",
    "\n",
    "cur = conn.cursor()\n",
    "\n",
    "cur.execute(\"\"\"\n",
    "    EXPLAIN ANALYZE\n",
    "    WITH single_reviews AS (\n",
    "        SELECT r.business_id, r.user_id, COUNT(*) AS review_count, AVG(r.stars) AS avg_stars\n",
    "        FROM tampa_reviews r\n",
    "        GROUP BY r.business_id, r.user_id\n",
    "        HAVING COUNT(*) = 1\n",
    "    ),\n",
    "    business_single_review_counts AS (\n",
    "        SELECT business_id,                                     \n",
    "               COUNT(*) AS single_review_user_count, \n",
    "               ROUND(AVG(avg_stars), 2) AS avg_stars_for_single_reviews\n",
    "        FROM single_reviews\n",
    "        GROUP BY business_id\n",
    "    )                                   \n",
    "    SELECT b.business_id, \n",
    "           tb.name AS business_name, \n",
    "           single_review_user_count, \n",
    "           avg_stars_for_single_reviews                 \n",
    "    FROM business_single_review_counts b\n",
    "    JOIN businesses_in_tampa tb\n",
    "    ON b.business_id = tb.business_id\n",
    "    ORDER BY single_review_user_count DESC \n",
    "    LIMIT 3;\n",
    "\"\"\")\n",
    "\n",
    "execution_plan_single_reviews = cur.fetchall()\n",
    "for line in execution_plan_single_reviews:\n",
    "    print(line[0])\n",
    "\n",
    "cur.close()\n",
    "conn.close()"
   ]
  },
  {
   "cell_type": "code",
   "execution_count": 26,
   "metadata": {},
   "outputs": [
    {
     "name": "stdout",
     "output_type": "stream",
     "text": [
      "+---------------+--------------------+\n",
      "|   postal_code |   total_businesses |\n",
      "|---------------+--------------------|\n",
      "|         33607 |                794 |\n",
      "|         33602 |                649 |\n",
      "|         33609 |                639 |\n",
      "|         33618 |                591 |\n",
      "|         33612 |                580 |\n",
      "|         33606 |                509 |\n",
      "|         33629 |                496 |\n",
      "|         33614 |                434 |\n",
      "|         33611 |                413 |\n",
      "|         33647 |                410 |\n",
      "+---------------+--------------------+\n"
     ]
    }
   ],
   "source": [
    "conn = psycopg.connect(\n",
    "    host=\"localhost\",\n",
    "    dbname=\"yelp_dataset\",\n",
    "    user=\"anoutsala\",\n",
    "    password=\"\"\n",
    ")\n",
    "\n",
    "cur = conn.cursor()\n",
    "\n",
    "cur.execute(\"\"\"\n",
    "    SELECT \n",
    "        postal_code, \n",
    "        COUNT(*) AS total_businesses\n",
    "    FROM businesses_in_tampa\n",
    "    GROUP BY postal_code ORDER BY COUNT(*) DESC LIMIT 10;\n",
    "\"\"\")\n",
    "\n",
    "postal = cur.fetchall()\n",
    "\n",
    "columns = [desc[0] for desc in cur.description]\n",
    "\n",
    "print(tabulate(postal, headers=columns, tablefmt=\"psql\"))\n",
    "\n",
    "cur.close()\n",
    "conn.close()"
   ]
  },
  {
   "cell_type": "code",
   "execution_count": 21,
   "metadata": {},
   "outputs": [
    {
     "name": "stdout",
     "output_type": "stream",
     "text": [
      "+-------------------------+\n",
      "|   distinct_postal_codes |\n",
      "|-------------------------|\n",
      "|                      97 |\n",
      "+-------------------------+\n"
     ]
    }
   ],
   "source": [
    "conn = psycopg.connect(\n",
    "    host=\"localhost\",\n",
    "    dbname=\"yelp_dataset\",\n",
    "    user=\"anoutsala\",\n",
    "    password=\"\"\n",
    ")\n",
    "\n",
    "cur = conn.cursor()\n",
    "\n",
    "cur.execute(\"\"\"\n",
    "    SELECT \n",
    "    COUNT(DISTINCT postal_code) AS distinct_postal_codes\n",
    "    FROM businesses_in_tampa;\n",
    "\"\"\")\n",
    "\n",
    "postal = cur.fetchall()\n",
    "\n",
    "columns = [desc[0] for desc in cur.description]\n",
    "\n",
    "print(tabulate(postal, headers=columns, tablefmt=\"psql\"))\n",
    "\n",
    "cur.close()\n",
    "conn.close()"
   ]
  },
  {
   "cell_type": "code",
   "execution_count": 4,
   "metadata": {},
   "outputs": [
    {
     "name": "stdout",
     "output_type": "stream",
     "text": [
      "+------------------+------------------+------------------+--------------------+\n",
      "|   min_businesses |   max_businesses |   avg_businesses |   total_businesses |\n",
      "|------------------+------------------+------------------+--------------------|\n",
      "|                1 |              794 |          94.9175 |            184.141 |\n",
      "+------------------+------------------+------------------+--------------------+\n"
     ]
    }
   ],
   "source": [
    "conn = psycopg.connect(\n",
    "    host=\"localhost\",\n",
    "    dbname=\"yelp_dataset\",\n",
    "    user=\"anoutsala\",\n",
    "    password=\"\"\n",
    ")\n",
    "\n",
    "cur = conn.cursor()\n",
    "\n",
    "cur.execute(\"\"\"\n",
    "    SELECT \n",
    "    MIN(total_businesses) AS min_businesses,\n",
    "    MAX(total_businesses) AS max_businesses,\n",
    "    AVG(total_businesses) AS avg_businesses,\n",
    "    STDDEV(total_businesses) AS total_businesses\n",
    "    FROM (\n",
    "        SELECT postal_code, COUNT(*) AS total_businesses\n",
    "        FROM businesses_in_tampa\n",
    "        GROUP BY postal_code \n",
    "    ) subquery;\n",
    "\"\"\")\n",
    "\n",
    "postal_stats = cur.fetchall()\n",
    "\n",
    "columns = [desc[0] for desc in cur.description]\n",
    "\n",
    "print(tabulate(postal_stats, headers=columns, tablefmt=\"psql\"))\n",
    "\n",
    "cur.close()\n",
    "conn.close()"
   ]
  }
 ],
 "metadata": {
  "kernelspec": {
   "display_name": "Python 3.12.2 ('base')",
   "language": "python",
   "name": "python3"
  },
  "language_info": {
   "codemirror_mode": {
    "name": "ipython",
    "version": 3
   },
   "file_extension": ".py",
   "mimetype": "text/x-python",
   "name": "python",
   "nbconvert_exporter": "python",
   "pygments_lexer": "ipython3",
   "version": "3.12.2"
  },
  "orig_nbformat": 4,
  "vscode": {
   "interpreter": {
    "hash": "40d3a090f54c6569ab1632332b64b2c03c39dcf918b08424e98f38b5ae0af88f"
   }
  }
 },
 "nbformat": 4,
 "nbformat_minor": 2
}
